<?xml version="1.0" encoding="UTF-8"?>
<!-- Generated by org.testng.reporters.JUnitReportReporter -->
<testsuite hostname="DESKTOP-QM3IQ12" failures="0" tests="1" name="com.herocuapp.theinternet.PositiveTests" time="60.123" errors="0" timestamp="2022-05-24T17:46:12 EEST" skipped="0">
  <testcase classname="com.herocuapp.theinternet.PositiveTests" name="loginTest" time="60.123"/>
  <system-out/>
</testsuite> <!-- com.herocuapp.theinternet.PositiveTests -->
