<?xml version="1.0" encoding="UTF-8"?>
<!-- Generated by org.testng.reporters.JUnitReportReporter -->
<testsuite hostname="DESKTOP-QM3IQ12" failures="0" tests="1" name="com.herocuapp.theinternet.NegativeUserNameTest" time="15.743" errors="0" timestamp="2022-05-24T14:43:52 EEST" skipped="0">
  <testcase classname="com.herocuapp.theinternet.NegativeUserNameTest" name="invalidUserNameTest" time="15.743"/>
  <system-out/>
</testsuite> <!-- com.herocuapp.theinternet.NegativeUserNameTest -->
