<?xml version="1.0" encoding="UTF-8"?>
<!-- Generated by org.testng.reporters.JUnitReportReporter -->
<testsuite hostname="DESKTOP-QM3IQ12" failures="0" tests="2" name="com.herocuapp.theinternet.NegativeTests" time="55.683" errors="0" timestamp="2022-05-24T19:50:52 EEST" skipped="0">
  <testcase classname="com.herocuapp.theinternet.NegativeTests" name="negativeLoginTest" time="35.167"/>
  <system-out/>
  <testcase classname="com.herocuapp.theinternet.NegativeTests" name="negativeLoginTest" time="20.516"/>
  <system-out/>
</testsuite> <!-- com.herocuapp.theinternet.NegativeTests -->
