<?xml version="1.0" encoding="UTF-8"?>
<!-- Generated by org.testng.reporters.JUnitReportReporter -->
<testsuite hostname="DESKTOP-QM3IQ12" failures="0" tests="2" name="com.herocuapp.theinternet.NegativeTests" time="33.698" errors="0" timestamp="2022-05-24T17:52:31 EEST" skipped="0">
  <testcase classname="com.herocuapp.theinternet.NegativeTests" name="invalidUserNameTest" time="24.266"/>
  <system-out/>
  <testcase classname="com.herocuapp.theinternet.NegativeTests" name="invalidPasswordTest" time="9.432"/>
  <system-out/>
</testsuite> <!-- com.herocuapp.theinternet.NegativeTests -->
